[    0.000000] Initializing cgroup subsys cpuset
[    0.000000] Initializing cgroup subsys cpu
[    0.000000] Initializing cgroup subsys cpuacct
[    0.000000] Linux version 4.4.0-81-generic (buildd@lgw01-02) (gcc version 5.4.0 20160609 (Ubuntu 5.4.0-6ubuntu1~16.04.4) ) #104-Ubuntu SMP Wed Jun 14 08:17:06 UTC 2017 (Ubuntu 4.4.0-81.104-generic 4.4.67)
[    0.000000] Command line: BOOT_IMAGE=/boot/vmlinuz-4.4.0-81-generic root=LABEL=cloudimg-rootfs ro console=tty1 console=ttyS0
[    0.000000] KERNEL supported cpus:
[    0.000000]   Intel GenuineIntel
[    0.000000]   AMD AuthenticAMD
[    0.000000]   Centaur CentaurHauls
[    0.000000] x86/fpu: xstate_offset[2]:  576, xstate_sizes[2]:  256
[    0.000000] x86/fpu: Supporting XSAVE feature 0x01: 'x87 floating point registers'
[    0.000000] x86/fpu: Supporting XSAVE feature 0x02: 'SSE registers'
[    0.000000] x86/fpu: Supporting XSAVE feature 0x04: 'AVX registers'
[    0.000000] x86/fpu: Enabled xstate features 0x7, context size is 832 bytes, using 'standard' format.
[    0.000000] x86/fpu: Using 'lazy' FPU context switches.
[    0.000000] e820: BIOS-provided physical RAM map:
[    0.000000] BIOS-e820: [mem 0x0000000000000000-0x000000000009fbff] usable
[    0.000000] BIOS-e820: [mem 0x000000000009fc00-0x000000000009ffff] reserved
[    0.000000] BIOS-e820: [mem 0x00000000000f0000-0x00000000000fffff] reserved
[    0.000000] BIOS-e820: [mem 0x0000000000100000-0x000000003ffeffff] usable
[    0.000000] BIOS-e820: [mem 0x000000003fff0000-0x000000003fffffff] ACPI data
[    0.000000] BIOS-e820: [mem 0x00000000fec00000-0x00000000fec00fff] reserved
[    0.000000] BIOS-e820: [mem 0x00000000fee00000-0x00000000fee00fff] reserved
[    0.000000] BIOS-e820: [mem 0x00000000fffc0000-0x00000000ffffffff] reserved
[    0.000000] NX (Execute Disable) protection: active
[    0.000000] SMBIOS 2.5 present.
[    0.000000] Hypervisor detected: KVM
[    0.000000] e820: last_pfn = 0x3fff0 max_arch_pfn = 0x400000000
[    0.000000] MTRR: Disabled
[    0.000000] x86/PAT: MTRRs disabled, skipping PAT initialization too.
[    0.000000] x86/PAT: Configuration [0-7]: WB  WT  UC- UC  WB  WT  UC- UC  
[    0.000000] CPU MTRRs all blank - virtualized system.
[    0.000000] found SMP MP-table at [mem 0x0009fff0-0x0009ffff] mapped at [ffff88000009fff0]
[    0.000000] Scanning 1 areas for low memory corruption
[    0.000000] RAMDISK: [mem 0x36ad8000-0x37563fff]
[    0.000000] ACPI: Early table checksum verification disabled
[    0.000000] ACPI: RSDP 0x00000000000E0000 000024 (v02 VBOX  )
[    0.000000] ACPI: XSDT 0x000000003FFF0030 00003C (v01 VBOX   VBOXXSDT 00000001 ASL  00000061)
[    0.000000] ACPI: FACP 0x000000003FFF00F0 0000F4 (v04 VBOX   VBOXFACP 00000001 ASL  00000061)
[    0.000000] ACPI: DSDT 0x000000003FFF0470 0021C8 (v02 VBOX   VBOXBIOS 00000002 INTL 20100528)
[    0.000000] ACPI: FACS 0x000000003FFF0200 000040
[    0.000000] ACPI: FACS 0x000000003FFF0200 000040
[    0.000000] ACPI: APIC 0x000000003FFF0240 00005C (v02 VBOX   VBOXAPIC 00000001 ASL  00000061)
[    0.000000] ACPI: SSDT 0x000000003FFF02A0 0001CC (v01 VBOX   VBOXCPUT 00000002 INTL 20100528)
[    0.000000] No NUMA configuration found
[    0.000000] Faking a node at [mem 0x0000000000000000-0x000000003ffeffff]
[    0.000000] NODE_DATA(0) allocated [mem 0x3ffeb000-0x3ffeffff]
[    0.000000] kvm-clock: Using msrs 4b564d01 and 4b564d00
[    0.000000] kvm-clock: cpu 0, msr 0:3ffe3001, primary cpu clock
[    0.000000] kvm-clock: using sched offset of 4082704818 cycles
[    0.000000] clocksource: kvm-clock: mask: 0xffffffffffffffff max_cycles: 0x1cd42e4dffb, max_idle_ns: 881590591483 ns
[    0.000000] Zone ranges:
[    0.000000]   DMA      [mem 0x0000000000001000-0x0000000000ffffff]
[    0.000000]   DMA32    [mem 0x0000000001000000-0x000000003ffeffff]
[    0.000000]   Normal   empty
[    0.000000]   Device   empty
[    0.000000] Movable zone start for each node
[    0.000000] Early memory node ranges
[    0.000000]   node   0: [mem 0x0000000000001000-0x000000000009efff]
[    0.000000]   node   0: [mem 0x0000000000100000-0x000000003ffeffff]
[    0.000000] Initmem setup node 0 [mem 0x0000000000001000-0x000000003ffeffff]
[    0.000000] ACPI: PM-Timer IO Port: 0x4008
[    0.000000] IOAPIC[0]: apic_id 2, version 32, address 0xfec00000, GSI 0-23
[    0.000000] ACPI: INT_SRC_OVR (bus 0 bus_irq 0 global_irq 2 dfl dfl)
[    0.000000] ACPI: INT_SRC_OVR (bus 0 bus_irq 9 global_irq 9 high level)
[    0.000000] Using ACPI (MADT) for SMP configuration information
[    0.000000] smpboot: Allowing 2 CPUs, 0 hotplug CPUs
[    0.000000] PM: Registered nosave memory: [mem 0x00000000-0x00000fff]
[    0.000000] PM: Registered nosave memory: [mem 0x0009f000-0x0009ffff]
[    0.000000] PM: Registered nosave memory: [mem 0x000a0000-0x000effff]
[    0.000000] PM: Registered nosave memory: [mem 0x000f0000-0x000fffff]
[    0.000000] e820: [mem 0x40000000-0xfebfffff] available for PCI devices
[    0.000000] Booting paravirtualized kernel on KVM
[    0.000000] clocksource: refined-jiffies: mask: 0xffffffff max_cycles: 0xffffffff, max_idle_ns: 7645519600211568 ns
[    0.000000] setup_percpu: NR_CPUS:512 nr_cpumask_bits:512 nr_cpu_ids:2 nr_node_ids:1
[    0.000000] PERCPU: Embedded 33 pages/cpu @ffff88003fc00000 s98264 r8192 d28712 u1048576
[    0.000000] PV qspinlock hash table entries: 256 (order: 0, 4096 bytes)
[    0.000000] Built 1 zonelists in Node order, mobility grouping on.  Total pages: 257913
[    0.000000] Policy zone: DMA32
[    0.000000] Kernel command line: BOOT_IMAGE=/boot/vmlinuz-4.4.0-81-generic root=LABEL=cloudimg-rootfs ro console=tty1 console=ttyS0
[    0.000000] PID hash table entries: 4096 (order: 3, 32768 bytes)
[    0.000000] Memory: 1001780K/1048120K available (8469K kernel code, 1294K rwdata, 3984K rodata, 1484K init, 1316K bss, 46340K reserved, 0K cma-reserved)
[    0.000000] SLUB: HWalign=64, Order=0-3, MinObjects=0, CPUs=2, Nodes=1
[    0.000000] Hierarchical RCU implementation.
[    0.000000] 	Build-time adjustment of leaf fanout to 64.
[    0.000000] 	RCU restricting CPUs from NR_CPUS=512 to nr_cpu_ids=2.
[    0.000000] RCU: Adjusting geometry for rcu_fanout_leaf=64, nr_cpu_ids=2
[    0.000000] NR_IRQS:33024 nr_irqs:440 16
[    0.000000] Console: colour VGA+ 80x25
[    0.000000] console [tty1] enabled
[    0.000000] console [ttyS0] enabled
[    0.000000] tsc: Detected 2593.992 MHz processor
[    2.652969] Calibrating delay loop (skipped) preset value.. 5187.98 BogoMIPS (lpj=10375968)
[    2.690954] pid_max: default: 32768 minimum: 301
[    2.718709] ACPI: Core revision 20150930
[    2.720411] ACPI: 2 ACPI AML tables successfully acquired and loaded
[    2.763303] Security Framework initialized
[    2.789337] Yama: becoming mindful.
[    2.801104] AppArmor: AppArmor initialized
[    2.803952] Dentry cache hash table entries: 131072 (order: 8, 1048576 bytes)
[    2.827871] Inode-cache hash table entries: 65536 (order: 7, 524288 bytes)
[    2.880455] Mount-cache hash table entries: 2048 (order: 2, 16384 bytes)
[    2.916270] Mountpoint-cache hash table entries: 2048 (order: 2, 16384 bytes)
[    2.917620] Initializing cgroup subsys io
[    2.918399] Initializing cgroup subsys memory
[    2.953676] Initializing cgroup subsys devices
[    2.979218] Initializing cgroup subsys freezer
[    3.002637] Initializing cgroup subsys net_cls
[    3.061521] Initializing cgroup subsys perf_event
[    3.062406] Initializing cgroup subsys net_prio
[    3.063393] Initializing cgroup subsys hugetlb
[    3.066734] Initializing cgroup subsys pids
[    3.068070] CPU: Physical Processor ID: 0
[    3.069133] CPU: Processor Core ID: 0
[    3.090790] mce: CPU supports 0 MCE banks
[    3.098551] Last level iTLB entries: 4KB 1024, 2MB 1024, 4MB 1024
[    3.126211] Last level dTLB entries: 4KB 1024, 2MB 1024, 4MB 1024, 1GB 4
[    3.167597] Freeing SMP alternatives memory: 32K (ffffffff820b8000 - ffffffff820c0000)
[    3.194239] ftrace: allocating 32129 entries in 126 pages
[    3.275418] smpboot: APIC(0) Converting physical 0 to logical package 0
[    3.283608] smpboot: Max logical packages: 1
[    3.295506] x2apic enabled
[    3.307958] Switched APIC routing to physical x2apic.
[    3.333830] ..TIMER: vector=0x30 apic1=0 pin1=2 apic2=-1 pin2=-1
[    3.482561] smpboot: CPU0: Intel(R) Core(TM) i7-4510U CPU @ 2.00GHz (family: 0x6, model: 0x45, stepping: 0x1)
[    3.525591] Performance Events: unsupported p6 CPU model 69 no PMU driver, software events only.
[    3.538568] KVM setup paravirtual spinlock
[    3.540097] x86: Booting SMP configuration:
[    3.569949] .... node  #0, CPUs:      #1
[    3.583443] kvm-clock: cpu 1, msr 0:3ffe3041, secondary cpu clock
[    3.603186] mce: CPU supports 0 MCE banks
[    3.605781] x86: Booted up 1 node, 2 CPUs
[    3.622251] smpboot: Total of 2 processors activated (10375.96 BogoMIPS)
[    3.660221] devtmpfs: initialized
[    3.693269] evm: security.selinux
[    3.706829] evm: security.SMACK64
[    3.713770] evm: security.SMACK64EXEC
[    3.722488] evm: security.SMACK64TRANSMUTE
[    3.749429] evm: security.SMACK64MMAP
[    3.750143] evm: security.ima
[    3.765194] evm: security.capability
[    3.778640] clocksource: jiffies: mask: 0xffffffff max_cycles: 0xffffffff, max_idle_ns: 7645041785100000 ns
[    3.810355] futex hash table entries: 512 (order: 3, 32768 bytes)
[    3.825694] pinctrl core: initialized pinctrl subsystem
[    3.859161] RTC time: 10:35:09, date: 06/21/17
[    3.877971] NET: Registered protocol family 16
[    3.907493] cpuidle: using governor ladder
[    3.955308] cpuidle: using governor menu
[    3.971934] PCCT header not found.
[    3.994905] ACPI: bus type PCI registered
[    4.019378] acpiphp: ACPI Hot Plug PCI Controller Driver version: 0.5
[    4.066095] PCI: Using configuration type 1 for base access
[    4.112030] ACPI: Added _OSI(Module Device)
[    4.133375] ACPI: Added _OSI(Processor Device)
[    4.163542] ACPI: Added _OSI(3.0 _SCP Extensions)
[    4.181244] ACPI: Added _OSI(Processor Aggregator Device)
[    4.186665] ACPI: Executed 1 blocks of module-level executable AML code
[    4.224307] ACPI: Interpreter enabled
[    4.244045] ACPI: (supports S0 S5)
[    4.275393] ACPI: Using IOAPIC for interrupt routing
[    4.300963] PCI: Using host bridge windows from ACPI; if necessary, use "pci=nocrs" and report a bug
[    4.308127] ACPI: PCI Root Bridge [PCI0] (domain 0000 [bus 00-ff])
[    4.336246] acpi PNP0A03:00: _OSC: OS supports [ASPM ClockPM Segments MSI]
[    4.391760] acpi PNP0A03:00: _OSC failed (AE_NOT_FOUND); disabling ASPM
[    4.424830] acpi PNP0A03:00: fail to add MMCONFIG information, can't access extended PCI configuration space under this bridge.
[    4.448754] PCI host bridge to bus 0000:00
[    4.469467] pci_bus 0000:00: root bus resource [io  0x0000-0x0cf7 window]
[    4.499448] pci_bus 0000:00: root bus resource [io  0x0d00-0xffff window]
[    4.503544] pci_bus 0000:00: root bus resource [mem 0x000a0000-0x000bffff window]
[    4.515134] pci_bus 0000:00: root bus resource [mem 0x40000000-0xffdfffff window]
[    4.544470] pci_bus 0000:00: root bus resource [bus 00-ff]
[    4.551446] pci 0000:00:01.1: legacy IDE quirk: reg 0x10: [io  0x01f0-0x01f7]
[    4.556817] pci 0000:00:01.1: legacy IDE quirk: reg 0x14: [io  0x03f6]
[    4.590184] pci 0000:00:01.1: legacy IDE quirk: reg 0x18: [io  0x0170-0x0177]
[    4.591690] pci 0000:00:01.1: legacy IDE quirk: reg 0x1c: [io  0x0376]
[    4.619623] pci 0000:00:07.0: quirk: [io  0x4000-0x403f] claimed by PIIX4 ACPI
[    4.632596] pci 0000:00:07.0: quirk: [io  0x4100-0x410f] claimed by PIIX4 SMB
[    4.666776] ACPI: PCI Interrupt Link [LNKA] (IRQs 5 9 10 *11)
[    4.733838] ACPI: PCI Interrupt Link [LNKB] (IRQs 5 9 10 *11)
[    4.752790] ACPI: PCI Interrupt Link [LNKC] (IRQs 5 9 *10 11)
[    4.762503] ACPI: PCI Interrupt Link [LNKD] (IRQs 5 *9 10 11)
[    4.780155] ACPI: Enabled 2 GPEs in block 00 to 07
[    4.789204] vgaarb: setting as boot device: PCI:0000:00:02.0
[    4.815383] vgaarb: device added: PCI:0000:00:02.0,decodes=io+mem,owns=io+mem,locks=none
[    4.835142] vgaarb: loaded
[    4.859185] vgaarb: bridge control possible 0000:00:02.0
[    4.879850] SCSI subsystem initialized
[    4.882951] ACPI: bus type USB registered
[    4.897892] usbcore: registered new interface driver usbfs
[    4.901181] usbcore: registered new interface driver hub
[    4.938698] usbcore: registered new device driver usb
[    4.960985] PCI: Using ACPI for IRQ routing
[    4.989193] NetLabel: Initializing
[    5.000641] NetLabel:  domain hash size = 128
[    5.029030] NetLabel:  protocols = UNLABELED CIPSOv4
[    5.040436] NetLabel:  unlabeled traffic allowed by default
[    5.048313] amd_nb: Cannot enumerate AMD northbridges
[    5.078450] clocksource: Switched to clocksource kvm-clock
[    5.143430] AppArmor: AppArmor Filesystem Enabled
[    5.164710] pnp: PnP ACPI init
[    5.194985] pnp: PnP ACPI: found 3 devices
[    5.255190] clocksource: acpi_pm: mask: 0xffffff max_cycles: 0xffffff, max_idle_ns: 2085701024 ns
[    5.327733] NET: Registered protocol family 2
[    5.407504] TCP established hash table entries: 8192 (order: 4, 65536 bytes)
[    5.414116] TCP bind hash table entries: 8192 (order: 5, 131072 bytes)
[    5.483476] TCP: Hash tables configured (established 8192 bind 8192)
[    5.514928] UDP hash table entries: 512 (order: 2, 16384 bytes)
[    5.524115] UDP-Lite hash table entries: 512 (order: 2, 16384 bytes)
[    5.579852] NET: Registered protocol family 1
[    5.608379] pci 0000:00:00.0: Limiting direct PCI/PCI transfers
[    5.632983] pci 0000:00:01.0: Activating ISA DMA hang workarounds
[    5.645470] Unpacking initramfs...
[    7.729955] Freeing initrd memory: 10800K (ffff880036ad8000 - ffff880037564000)
[    7.790453] RAPL PMU detected, API unit is 2^-32 Joules, 4 fixed counters 10737418240 ms ovfl timer
[    7.904804] hw unit of domain pp0-core 2^-0 Joules
[    7.921733] hw unit of domain package 2^-0 Joules
[    7.939185] hw unit of domain dram 2^-0 Joules
[    7.990425] hw unit of domain pp1-gpu 2^-0 Joules
[    8.013234] platform rtc_cmos: registered platform RTC device (no PNP device found)
[    8.026524] Scanning for low memory corruption every 60 seconds
[    8.081476] audit: initializing netlink subsys (disabled)
[    8.099837] audit: type=2000 audit(1498041314.872:1): initialized
[    8.117995] Initialise system trusted keyring
[    8.133118] HugeTLB registered 2 MB page size, pre-allocated 0 pages
[    8.188636] zbud: loaded
[    8.212457] VFS: Disk quotas dquot_6.6.0
[    8.240396] VFS: Dquot-cache hash table entries: 512 (order 0, 4096 bytes)
[    8.245135] squashfs: version 4.0 (2009/01/31) Phillip Lougher
[    8.274027] fuse init (API version 7.23)
[    8.309791] Key type big_key registered
[    8.364978] Allocating IMA MOK and blacklist keyrings.
[    8.384265] Key type asymmetric registered
[    8.401214] Asymmetric key parser 'x509' registered
[    8.407784] Block layer SCSI generic (bsg) driver version 0.4 loaded (major 249)
[    8.417179] io scheduler noop registered
[    8.424960] io scheduler deadline registered (default)
[    8.437869] io scheduler cfq registered
[    8.459102] pci_hotplug: PCI Hot Plug PCI Core version: 0.5
[    8.491538] pciehp: PCI Express Hot Plug Controller Driver version: 0.4
[    8.509536] ACPI: AC Adapter [AC] (on-line)
[    8.510649] input: Power Button as /devices/LNXSYSTM:00/LNXPWRBN:00/input/input0
[    8.521997] ACPI: Power Button [PWRF]
[    8.547850] input: Sleep Button as /devices/LNXSYSTM:00/LNXSLPBN:00/input/input1
[    8.561966] ACPI: Sleep Button [SLPF]
[    8.565984] GHES: HEST is not enabled!
[    8.566905] ACPI: Battery Slot [BAT0] (battery present)
[    8.581319] Serial: 8250/16550 driver, 32 ports, IRQ sharing enabled
[    8.666811] 00:02: ttyS0 at I/O 0x3f8 (irq = 4, base_baud = 115200) is a 16550A
[    8.729714] Linux agpgart interface v0.103
[    8.747588] loop: module loaded
[    8.754749] scsi host0: ata_piix
[    8.768154] scsi host1: ata_piix
[    8.770588] ata1: PATA max UDMA/33 cmd 0x1f0 ctl 0x3f6 bmdma 0xd000 irq 14
[    8.806145] ata2: PATA max UDMA/33 cmd 0x170 ctl 0x376 bmdma 0xd008 irq 15
[    8.842184] libphy: Fixed MDIO Bus: probed
[    8.885434] tun: Universal TUN/TAP device driver, 1.6
[    8.918943] tun: (C) 1999-2004 Max Krasnyansky <maxk@qualcomm.com>
[    9.049400] tsc: Refined TSC clocksource calibration: 2593.018 MHz
[    9.079027] clocksource: tsc: mask: 0xffffffffffffffff max_cycles: 0x256078952e8, max_idle_ns: 440795271088 ns
[    9.079168] PPP generic driver version 2.4.2
[    9.079250] ehci_hcd: USB 2.0 'Enhanced' Host Controller (EHCI) Driver
[    9.079256] ehci-pci: EHCI PCI platform driver
[    9.079278] ehci-platform: EHCI generic platform driver
[    9.079290] ohci_hcd: USB 1.1 'Open' Host Controller (OHCI) Driver
[    9.079294] ohci-pci: OHCI PCI platform driver
[    9.079305] ohci-platform: OHCI generic platform driver
[    9.079315] uhci_hcd: USB Universal Host Controller Interface driver
[    9.079397] i8042: PNP: PS/2 Controller [PNP0303:PS2K,PNP0f03:PS2M] at 0x60,0x64 irq 1,12
[    9.093002] serio: i8042 KBD port at 0x60,0x64 irq 1
[    9.093011] serio: i8042 AUX port at 0x60,0x64 irq 12
[    9.093204] mousedev: PS/2 mouse device common for all mice
[    9.093641] rtc_cmos rtc_cmos: rtc core: registered rtc_cmos as rtc0
[    9.093721] rtc_cmos rtc_cmos: alarms up to one day, 114 bytes nvram
[    9.093731] i2c /dev entries driver
[    9.093815] device-mapper: uevent: version 1.0.3
[    9.093896] device-mapper: ioctl: 4.34.0-ioctl (2015-10-28) initialised: dm-devel@redhat.com
[    9.093923] ledtrig-cpu: registered to indicate activity on CPUs
[    9.099488] NET: Registered protocol family 10
[    9.099690] NET: Registered protocol family 17
[    9.099706] Key type dns_resolver registered
[    9.137048] microcode: CPU0 sig=0x40651, pf=0x40, revision=0x0
[    9.137082] microcode: CPU1 sig=0x40651, pf=0x40, revision=0x0
[    9.137210] microcode: Microcode Update Driver: v2.01 <tigran@aivazian.fsnet.co.uk>, Peter Oruba
[    9.137373] registered taskstats version 1
[    9.137429] Loading compiled-in X.509 certificates
[    9.138472] Loaded X.509 cert 'Build time autogenerated kernel key: 4e3fcaabc4148de0b198d1fb3d36a6c6d4cf062b'
[    9.138577] zswap: loaded using pool lzo/zbud
[    9.140838] Key type trusted registered
[    9.146763] Key type encrypted registered
[    9.146772] AppArmor: AppArmor sha1 policy hashing enabled
[    9.146775] ima: No TPM chip found, activating TPM-bypass!
[    9.146801] evm: HMAC attrs: 0x1
[    9.147287]   Magic number: 5:666:578
[    9.147312] platform pcspkr: hash matches
[    9.151255] rtc_cmos rtc_cmos: setting system clock to 2017-06-21 10:35:15 UTC (1498041315)
[    9.151456] BIOS EDD facility v0.16 2004-Jun-25, 0 devices found
[    9.151457] EDD information not available.
[    9.234891] input: AT Translated Set 2 keyboard as /devices/platform/i8042/serio0/input/input2
[    9.534810] Freeing unused kernel memory: 1484K (ffffffff81f45000 - ffffffff820b8000)
[    9.544525] Write protecting the kernel read-only data: 14336k
[    9.548085] Freeing unused kernel memory: 1760K (ffff880001848000 - ffff880001a00000)
[    9.557159] Freeing unused kernel memory: 112K (ffff880001de4000 - ffff880001e00000)
Loading, please wait...
starting version[    9.577561] random: systemd-udevd: uninitialized urandom read (16 bytes read, 3 bits of entropy available)
 229
[    9.578611] random: udevadm: uninitialized urandom read (16 bytes read, 3 bits of entropy available)
[    9.578664] random: udevadm: uninitialized urandom read (16 bytes read, 3 bits of entropy available)
[    9.578838] random: udevadm: uninitialized urandom read (16 bytes read, 3 bits of entropy available)
[    9.578921] random: udevadm: uninitialized urandom read (16 bytes read, 3 bits of entropy available)
[    9.578990] random: udevadm: uninitialized urandom read (16 bytes read, 3 bits of entropy available)
[    9.579059] random: udevadm: uninitialized urandom read (16 bytes read, 3 bits of entropy available)
[    9.579125] random: udevadm: uninitialized urandom read (16 bytes read, 3 bits of entropy available)
[    9.579190] random: udevadm: uninitialized urandom read (16 bytes read, 3 bits of entropy available)
[    9.579257] random: udevadm: uninitialized urandom read (16 bytes read, 3 bits of entropy available)
[    9.679423] e1000: Intel(R) PRO/1000 Network Driver - version 7.3.21-k8-NAPI
[    9.699720] e1000: Copyright (c) 1999-2006 Intel Corporation.
[    9.706190] Fusion MPT base driver 3.04.20
[    9.719222] Copyright (c) 1999-2008 LSI Corporation
[    9.741809] Fusion MPT SPI Host driver 3.04.20
[    9.776856] AVX version of gcm_enc/dec engaged.
[    9.806857] AES CTR mode by8 optimization enabled
[    9.964525] input: ImExPS/2 Generic Explorer Mouse as /devices/platform/i8042/serio1/input/input4
[   10.147505] e1000 0000:00:03.0 eth0: (PCI:33MHz:32-bit) 02:f2:73:7c:19:36
[   10.159888] e1000 0000:00:03.0 eth0: Intel(R) PRO/1000 Network Connection
[   10.188662] mptbase: ioc0: Initiating bringup
[   10.255085] ioc0: LSI53C1030 A0: Capabilities={Initiator}
[   10.427837] scsi host2: ioc0: LSI53C1030 A0, FwRev=00000000h, Ports=1, MaxQ=256, IRQ=20
[   10.571463] scsi 2:0:0:0: Direct-Access     VBOX     HARDDISK         1.0  PQ: 0 ANSI: 5
[   10.608358] scsi target2:0:0: Beginning Domain Validation
[   10.635619] scsi target2:0:0: Domain Validation skipping write tests
[   10.643899] scsi target2:0:0: Ending Domain Validation
[   10.646556] scsi target2:0:0: asynchronous
[   10.650218] scsi 2:0:1:0: Direct-Access     VBOX     HARDDISK         1.0  PQ: 0 ANSI: 5
[   10.687008] scsi target2:0:1: Beginning Domain Validation
[   10.697104] scsi target2:0:1: Domain Validation skipping write tests
[   10.739529] scsi target2:0:1: Ending Domain Validation
[   10.772759] scsi target2:0:1: asynchronous
[   10.795201] sd 2:0:0:0: Attached scsi generic sg0 type 0
[   10.826953] sd 2:0:1:0: Attached scsi generic sg1 type 0
[   10.830916] sd 2:0:0:0: [sda] 20971520 512-byte logical blocks: (10.7 GB/10.0 GiB)
[   10.885090] sd 2:0:1:0: [sdb] 20480 512-byte logical blocks: (10.5 MB/10.0 MiB)
[   10.893728] sd 2:0:1:0: [sdb] Write Protect is off
[   10.907015] sd 2:0:0:0: [sda] Write Protect is off
[   10.913873] sd 2:0:0:0: [sda] Incomplete mode parameter data
[   10.915228] sd 2:0:0:0: [sda] Assuming drive cache: write through
[   10.958721] sd 2:0:1:0: [sdb] Incomplete mode parameter data
[   10.958723] sd 2:0:1:0: [sdb] Assuming drive cache: write through
[   11.030172] e1000 0000:00:08.0 eth1: (PCI:33MHz:32-bit) 08:00:27:e6:c5:31
[   11.043729] e1000 0000:00:08.0 eth1: Intel(R) PRO/1000 Network Connection
[   11.067627] e1000 0000:00:08.0 enp0s8: renamed from eth1
[   11.073955]  sda: sda1
[   11.085944] sd 2:0:1:0: [sdb] Attached SCSI disk
[   11.104676] sd 2:0:0:0: [sda] Attached SCSI disk
[   11.131606] e1000 0000:00:03.0 enp0s3: renamed from eth0
[   12.707325] floppy0: no floppy controllers found
[   12.814542] work still pending
Begin: Loading e[   14.399361] md: linear personality registered for level -1
ssential drivers ... [   14.431877] md: multipath personality registered for level -4
[   14.458512] md: raid0 personality registered for level 0
[   14.466555] md: raid1 personality registered for level 1
[   14.567759] raid6: sse2x1   gen()  3849 MB/s
[   14.678493] raid6: sse2x1   xor()  3486 MB/s
[   14.782457] raid6: sse2x2   gen()  9025 MB/s
[   14.890468] raid6: sse2x2   xor()  6535 MB/s
[   14.986855] raid6: sse2x4   gen() 11866 MB/s
[   15.102470] raid6: sse2x4   xor()  8006 MB/s
[   15.136154] raid6: using algorithm sse2x4 gen() 11866 MB/s
[   15.172836] raid6: .... xor() 8006 MB/s, rmw enabled
[   15.174122] raid6: using ssse3x2 recovery algorithm
[   15.183506] xor: automatically using best checksumming function:
[   15.242583]    avx       : 26913.000 MB/sec
[   15.258494] async_tx: api initialized (async)
[   15.300652] md: raid6 personality registered for level 6
[   15.332313] md: raid5 personality registered for level 5
[   15.370068] md: raid4 personality registered for level 4
[   15.408753] md: raid10 personality registered for level 10
done.
Begin: Running /scripts/init-p[   15.481266] Btrfs loaded
remount ... done.
Begin: Mounting root file system ... Begin: Running /scripts/local-top ... done.
Begin: Running /scripts/local-premount ... Scanning for Btr[   15.600485] EXT4-fs (sda1): INFO: recovery required on readonly filesystem
fs filesystems
[   15.644029] EXT4-fs (sda1): write access will be enabled during recovery
done.
Warning: fsck not present, so skipping root file system
[   15.722264] EXT4-fs (sda1): recovery complete
[   15.740209] EXT4-fs (sda1): mounted filesystem with ordered data mode. Opts: (null)
done.
Begin: Running /scripts/local-bottom ... done.
Begin: Running /scripts/init-bottom ... done.
[   16.304157] random: nonblocking pool is initialized
[   16.691950] systemd[1]: systemd 229 running in system mode. (+PAM +AUDIT +SELINUX +IMA +APPARMOR +SMACK +SYSVINIT +UTMP +LIBCRYPTSETUP +GCRYPT +GNUTLS +ACL +XZ -LZ4 +SECCOMP +BLKID +ELFUTILS +KMOD -IDN)
[   16.740386] systemd[1]: Detected virtualization oracle.
[   16.766303] systemd[1]: Detected architecture x86-64.

Welcome to [1mUbuntu 16.04.2 LTS[0m!

[   16.843351] systemd[1]: Set hostname to <ubuntu-xenial>.
[   18.042943] systemd[1]: Listening on udev Control Socket.
[[0;32m  OK  [0m] Listening on udev Control Socket.
[   18.123080] systemd[1]: Listening on /dev/initctl Compatibility Named Pipe.
[[0;32m  OK  [0m] Listening on /dev/initctl Compatibility Named Pipe.
[   18.223361] systemd[1]: Set up automount Arbitrary Executable File Formats File System Automount Point.
[[0;32m  OK  [0m] Set up automount Arbitrary Executab...ats File System Automount Point.
[   18.347478] systemd[1]: Listening on Journal Socket.
[[0;32m  OK  [0m] Listening on Journal Socket.
[   18.403618] systemd[1]: Reached target Swap.
[[0;32m  OK  [0m] Reached target Swap.
[   18.428155] systemd[1]: Reached target User and Group Name Lookups.
[[0;32m  OK  [0m] Reached target User and Group Name Lookups.
[   18.439391] systemd[1]: Listening on Journal Socket (/dev/log).
[[0;32m  OK  [0m] Listening on Journal Socket (/dev/log).
[   18.531462] systemd[1]: Created slice System Slice.
[[0;32m  OK  [0m] Created slice System Slice.
[   18.611088] systemd[1]: Mounting Huge Pages File System...
         Mounting Huge Pages File System...
[   18.678909] systemd[1]: Mounting POSIX Message Queue File System...
         Mounting POSIX Message Queue File System...
[   18.775154] systemd[1]: Starting Create list of required static device nodes for the current kernel...
         Starting Create list of required st... nodes for the current kernel...
[   18.858866] systemd[1]: Started Forward Password Requests to Wall Directory Watch.
[[0;32m  OK  [0m] Started Forward Password Requests to Wall Directory Watch.
[   18.911816] systemd[1]: Mounting Debug File System...
         Mounting Debug File System...
[   18.951254] systemd[1]: Starting Set console keymap...
         Starting Set console keymap...
[   18.971645] systemd[1]: Started Trigger resolvconf update for networkd DNS.
[[0;32m  OK  [0m] Started Trigger resolvconf update for networkd DNS.
[   18.993302] systemd[1]: Listening on Syslog Socket.
[[0;32m  OK  [0m] Listening on Syslog Socket.
[   19.035051] systemd[1]: Starting Nameserver information manager...
         Starting Nameserver information manager...
[   19.067444] systemd[1]: Listening on Journal Audit Socket.
[[0;32m  OK  [0m] Listening on Journal Audit Socket.
[   19.115539] systemd[1]: Starting Journal Service...
         Starting Journal Service...
[   19.266782] systemd[1]: Starting Load Kernel Modules...
         Starting Load Kernel Modules...
[   19.343758] systemd[1]: Created slice system-serial\x2dgetty.slice.
[[0;32m  OK  [0m] Created slice system-serial\x2dgetty.slice.
[   19.471115] systemd[1]: Starting Remount Root and Kernel File Systems...
         Starting Remount Root a[   19.502816] EXT4-fs (sda1): re-mounted. Opts: (null)
nd Kernel File Systems...
[   19.529160] Loading iSCSI transport class v2.0-870.
[   19.567823] systemd[1]: Reached target Encrypted Volumes.
[[0;32m  OK  [0m] Reached target Encrypted Volumes.
[   19.631815] systemd[1]: Listening on udev Kernel Socket.
[[0;32m  OK  [0m] Listening on udev Kernel Socket.
[   19.691964] systemd[1]: Created slice User and Session Slice.
[[0;32m  OK  [0m] Created slice[   19.739912] iscsi: registered transport (tcp)
 User and Session Slice.
[   19.762742] systemd[1]: Reached target Slices.
[[0;32m  OK  [0m] Reached target Slices.
[   19.790807] systemd[1]: Listening on LVM2 poll daemon socket.
[[0;32m  OK  [0m] Listening on LVM2 poll daemon socket.
[   19.891818] systemd[1]: Listening on LVM2 metadata daemon socket.
[[0;32m  OK  [0m] Listening on LVM2 metadata daemon socket.
[   19.951367] systemd[1]: Starting Uncomplicated firewall...
[   19.981831] iscsi: registered transport (iser)
         Starting Uncomplicated firewall...
[   20.015337] systemd[1]: Listening on Device-mapper event daemon FIFOs.
[[0;32m  OK  [0m] Listening on Device-mapper event daemon FIFOs.
[   20.071385] systemd[1]: Starting Monitoring of LVM2 mirrors, snapshots etc. using dmeventd or progress polling...
         Starting Monitoring of LVM2 mirrors... dmeventd or progress polling...
[   20.098732] systemd[1]: Mounted Huge Pages File System.
[[0;32m  OK  [0m] Mounted Huge Pages File System.
[   20.122845] systemd[1]: Mounted Debug File System.
[[0;32m  OK  [0m] Mounted Debug File System.
[   20.159036] systemd[1]: Mounted POSIX Message Queue File System.
[[0;32m  OK  [0m] Mounted POSIX Message Queue File System.
[   20.224046] systemd[1]: Started Journal Service.
[[0;32m  OK  [0m] Started Journal Service.
[[0;32m  OK  [0m] Started Create list of required sta...ce nodes for the current kernel.
[[0;32m  OK  [0m] Started Set console keymap.
[[0;32m  OK  [0m] Started Load Kernel Modules.
[[0;32m  OK  [0m] Started Remount Root and Kernel File Systems.
[[0;32m  OK  [0m] Started Uncomplicated firewall.
[[0;32m  OK  [0m] Started Nameserver information manager.
[[0;32m  OK  [0m] Started LVM2 metadata daemon.
         Starting Load/Save Random Seed...
         Starting Initial cloud-init job (pre-networking)...
         Starting udev Coldplug all Devices...
         Mounting FUSE Control File System...
         Starting Apply Kernel Variables...
         Starting Create Static Device Nodes in /dev...
         Starting Flush Journal to Persistent Storage...
[[0;32m  OK  [0m] Mounted FUSE Control File System.
[[0;32m  OK  [0m] Started Load/Save Random Seed.
[[0;32m  OK  [0m] Started udev Coldplug all Devices.
[[0;32m  OK  [0m] Started Monitoring of LVM2 mirrors,...ng dmeventd or progress polling.
[[0;32m  OK  [0m] Started Apply Kernel Variables.
[[0;32m  OK  [0m] Started Create Static Device Nodes in /dev.
         Starting udev Kernel Device Manager...
[[0;32m  OK  [0m] Started Flush Journal to Persistent Storage.
[[0;32m  OK  [0m] Started udev Kernel Device Manager.
[[0;32m  OK  [0m] Reached target Local File Systems (Pre).
[[0;32m  OK  [0m] Reached target Local File Systems.
         Starting Set console font and keymap...
         Starting Tell Plymouth To Write Out Runtime Data...
         Starting LSB: AppArmor initialization...
         Starting Create Volatile Files and Directories...
[[0;32m  OK  [0m] Started Dispatch Password Requests to Console Directory Watch.
[[0;32m  OK  [0m] Started Tell Plymouth To Write Out Runtime Data.
[[0;32m  OK  [0m] Found device /dev/ttyS0.
[[0;32m  OK  [0m] Started Create Volatile Files and Directories.
[[0;32m  OK  [0m] Reached target System Time Synchronized.
         Starting Update UTMP about System Boot/Shutdown...
[[0;32m  OK  [0m] Found device 82540EM Gigabit Ethern...r (PRO/1000 MT Desktop Adapter).
[[0;32m  OK  [0m] Started Set console font and keymap.
[[0;32m  OK  [0m] Started Update UTMP about System Boot/Shutdown.
[[0;32m  OK  [0m] Found device 82540EM Gigabit Ethern...r (PRO/1000 MT Desktop Adapter).
[[0;32m  OK  [0m] Created slice system-getty.slice.
[[0;32m  OK  [0m] Listening on Load/Save RF Kill Switch Status /dev/rfkill Watch.
[[0;32m  OK  [0m] Started LSB: AppArmor initialization.
[   24.608954] cloud-init[436]: Cloud-init v. 0.7.9 running 'init-local' at Wed, 21 Jun 2017 10:35:34 +0000. Up 23.74 seconds.
[[0;32m  OK  [0m] Started Initial cloud-init job (pre-networking).
[[0;32m  OK  [0m] Reached target Network (Pre).
         Starting Raise network interfaces...
[[0;32m  OK  [0m] Started ifup for enp0s8.
[[0;32m  OK  [0m] Started ifup for enp0s3.
[[0;32m  OK  [0m] Started Raise network interfaces.
[[0;32m  OK  [0m] Reached target Network.
         Starting Initial cloud-init job (metadata service crawler)...
[   26.583427] cloud-init[1050]: Cloud-init v. 0.7.9 running 'init' at Wed, 21 Jun 2017 10:35:36 +0000. Up 25.89 seconds.
[   26.642029] cloud-init[1050]: ci-info: ++++++++++++++++++++++++++++++++++++++Net device info++++++++++++++++++++++++++++++++++++++
[   26.729321] cloud-init[1050]: ci-info: +--------+------+-----------------------------+---------------+-------+-------------------+
[   26.729814] cloud-init[1050]: ci-info: | Device |  Up  |           Address           |      Mask     | Scope |     Hw-Address    |
[[0;32m  OK  [0m] Started Initial cloud-init job (metadata service crawler).
[   26.730015] cloud-init[1050]: ci-info: +--------+------+-----------------------------+---------------+-------+-------------------+
[   27.272821] cloud-init[1050]: ci-info: |   lo   | True |          127.0.0.1          |   255.0.0.0   |   .   |         .         |
[   27.273359] cloud-init[1050]: ci-info: |   lo   | True |           ::1/128           |       .       |  host |         .         |
[[0;32m  OK  [0m] Reached target Cloud-config availability.
[   27.273566] cloud-init[1050]: ci-info: | enp0s8 | True |        192.168.33.10        | 255.255.255.0 |   .   | 08:00:27:e6:c5:31 |
[   27.745000] cloud-init[1050]: ci-info: | enp0s8 | True | fe80::a00:27ff:fee6:c531/64 |       .       |  link | 08:00:27:e6:c5:31 |
[   27.745532] cloud-init[1050]: ci-info: | enp0s3 | True |          10.0.2.15          | 255.255.255.0 |   .   | 02:f2:73:7c:19:36 |
[[0;32m  OK  [0m] Reached target System Initialization.
[   27.745724] cloud-init[1050]: ci-info: | enp0s3 | True |  fe80::f2:73ff:fe7c:1936/64 |       .       |  link | 02:f2:73:7c:19:36 |
[   28.137329] cloud-init[1050]: ci-info: +--------+------+-----------------------------+---------------+-------+-------------------+
[[0;32m  OK  [0m] Listening on UUID daemon activation socket.
[   28.137568] cloud-init[1050]: ci-info: ++++++++++++++++++++++++++++Route IPv4 info++++++++++++++++++++++++++++
[   28.513124] cloud-init[1050]: ci-info: +-------+--------------+----------+---------------+-----------+-------+
[   28.608768] cloud-init[1050]: ci-info: | Route | Destination  | Gateway  |    Genmask    | Interface | Flags |
[   28.609173] cloud-init[1050]: ci-info: +-------+--------------+----------+---------------+-----------+-------+
[[0;32m  OK  [0m] Started Timer to automatically refresh installed snaps.
[   28.609484] cloud-init[1050]: ci-info: |   0   |   0.0.0.0    | 10.0.2.2 |    0.0.0.0    |   enp0s3  |   UG  |
[   28.773011] cloud-init[1050]: ci-info: |   1   |   10.0.2.0   | 0.0.0.0  | 255.255.255.0 |   enp0s3  |   U   |
[[0;32m  OK  [0m] Started ACPI Events Check.
[[0;32m  OK  [0m] Reached target Paths.
[   28.773981] cloud-init[1050]: ci-info: |   2   | 192.168.33.0 | 0.0.0.0  | 255.255.255.0 |   enp0s8  |   U   |
[   28.804795] cloud-init[1050]: ci-info: +-------+--------------+----------+---------------+-----------+-------+
[[0;32m  OK  [0m] Listening on ACPID Listen Socket.
[[0;32m  OK  [0m] Listening on D-Bus System Message Bus Socket.
[[0;32m  OK  [0m] Started Daily apt activities.
         Starting Socket activation for snappy daemon.
[[0;32m  OK  [0m] Started Daily Cleanup of Temporary Directories.
[[0;32m  OK  [0m] Reached target Timers.
         Starting LXD - unix socket.
[[0;32m  OK  [0m] Reached target Network is Online.
         Starting iSCSI initiator daemon (iscsid)...
[[0;32m  OK  [0m] Listening on Socket activation for snappy daemon.
[[0;32m  OK  [0m] Listening on LXD - unix socket.
[[0;32m  OK  [0m] Reached target Sockets.
[[0;32m  OK  [0m] Reached target Basic System.
         Starting /etc/rc.local Compatibility...
         Starting vboxadd-x11.service...
[[0;32m  OK  [0m] Started Deferred execution scheduler.
[[0;32m  OK  [0m] Started ACPI event daemon.
         Starting Login Service...
[[0;32m  OK  [0m] Started Unattended Upgrades Shutdown.
         Starting OpenBSD Secure Shell server...
[[0;32m  OK  [0m] Started FUSE filesystem for LXC.
[[0;32m  OK  [0m] Started Snappy daemon.
         Starting Auto import assertions from block devices...
         Starting Accounts Service...
[[0;32m  OK  [0m] Started Regular background program processing daemon.
         Starting LXD - container startup/shutdown...
[[0;32m  OK  [0m] Started D-Bus System Message Bus.
         Starting Apply the settings specified in cloud-config...
         Starting LSB: Record successful boot for GRUB...
         Starting LSB: MD monitoring daemon...
         Starting System Logging Service...
         Starting vboxadd.service...
[[0;32m  OK  [0m] Started OpenBSD Secure Shell server.
[[0;32m  OK  [0m] Started /etc/rc.local Compatibility.
[[0;32m  OK  [0m] Started vboxadd-x11.service.
[[0;32m  OK  [0m] Started Auto import assertions from block devices.
[[0;32m  OK  [0m] Started iSCSI initiator daemon (iscsid).
[[0;32m  OK  [0m] Started Login Service.
         Starting Authenticate and Authorize Users to Run Privileged Tasks...
         Starting Login to default iSCSI targets...
[[0;32m  OK  [0m] Started vboxadd.service.
[   31.469406] cloud-init[1158]: Cloud-init v. 0.7.9 running 'modules:config' at Wed, 21 Jun 2017 10:35:41 +0000. Up 31.14 seconds.
         Starting vboxadd-service.service...
[[0;32m  OK  [0m] Started LSB: Record successful boot for GRUB.
[[0;32m  OK  [0m] Started Apply the settings specified in cloud-config.
[[0;32m  OK  [0m] Started vboxadd-service.service.
[[0;32m  OK  [0m] Started LSB: MD monitoring daemon.
[[0;32m  OK  [0m] Started System Logging Service.
[[0;32m  OK  [0m] Started Login to default iSCSI targets.
[[0;32m  OK  [0m] Reached target Remote File Systems (Pre).
[[0;32m  OK  [0m] Reached target Remote File Systems.
         Starting LSB: automatic crash report generation...
         Starting LSB: daemon to balance interrupts for SMP systems...
         Starting LSB: Set the CPU Frequency Scaling governor to "ondemand"...
         Starting Permit User Sessions...
[[0;32m  OK  [0m] Started Authenticate and Authorize Users to Run Privileged Tasks.
[[0;32m  OK  [0m] Started Permit User Sessions.
[[0;32m  OK  [0m] Started Accounts Service.
[[0;32m  OK  [0m] Started LSB: Set the CPU Frequency Scaling governor to "ondemand".
         Starting Terminate Plymouth Boot Screen...
         Starting Hold until boot process finishes up...
[[0;32m  OK  [0m] Started Terminate Plymouth Boot Screen.
[[0;32m  OK  [0m] Started LSB: automatic crash report generation.
[[0;32m  OK  [0m] Started Hold until boot process finishes up.
[[0;32m  OK  [0m] Started LSB: daemon to balance interrupts for SMP systems.
[[0;32m  OK  [0m] Started Getty on tty1.
[[0;32m  OK  [0m] Started Serial Getty on ttyS0.
[[0;32m  OK  [0m] Reached target Login Prompts.
         Starting Set console scheme...
[[0;32m  OK  [0m] Started Set console scheme.
[[0;32m  OK  [0m] Started LXD - container startup/shutdown.
[[0;32m  OK  [0m] Reached target Multi-User System.
[[0;32m  OK  [0m] Reached target Graphical Interface.
         Starting Update UTMP about System Runlevel Changes...
         Starting Execute cloud user/final scripts...
[[0;32m  OK  [0m] Started Update UTMP about System Runlevel Changes.
[   33.867296] cloud-init[1316]: Cloud-init v. 0.7.9 running 'modules:final' at Wed, 21 Jun 2017 10:35:44 +0000. Up 33.67 seconds.
[   33.962558] cloud-init[1316]: Cloud-init v. 0.7.9 finished at Wed, 21 Jun 2017 10:35:44 +0000. Datasource DataSourceNoCloud [seed=/dev/sdb][dsmode=net].  Up 33.86 seconds
[[0;32m  OK  [0m] Started Execute cloud user/final scripts.
[[0;32m  OK  [0m] Reached target Cloud-init target.

Ubuntu 16.04.2 LTS ubuntu-xenial ttyS0

ubuntu-xenial login: 