[    0.000000] Linux version 4.10.0-22-generic (buildd@lcy01-08) (gcc version 6.3.0 20170406 (Ubuntu 6.3.0-12ubuntu2) ) #24-Ubuntu SMP Mon May 22 17:43:20 UTC 2017 (Ubuntu 4.10.0-22.24-generic 4.10.15)
[    0.000000] Command line: BOOT_IMAGE=/boot/vmlinuz-4.10.0-22-generic root=LABEL=cloudimg-rootfs ro console=tty1 console=ttyS0
[    0.000000] KERNEL supported cpus:
[    0.000000]   Intel GenuineIntel
[    0.000000]   AMD AuthenticAMD
[    0.000000]   Centaur CentaurHauls
[    0.000000] x86/fpu: Supporting XSAVE feature 0x001: 'x87 floating point registers'
[    0.000000] x86/fpu: Supporting XSAVE feature 0x002: 'SSE registers'
[    0.000000] x86/fpu: Supporting XSAVE feature 0x004: 'AVX registers'
[    0.000000] x86/fpu: xstate_offset[2]:  576, xstate_sizes[2]:  256
[    0.000000] x86/fpu: Enabled xstate features 0x7, context size is 832 bytes, using 'standard' format.
[    0.000000] e820: BIOS-provided physical RAM map:
[    0.000000] BIOS-e820: [mem 0x0000000000000000-0x000000000009fbff] usable
[    0.000000] BIOS-e820: [mem 0x000000000009fc00-0x000000000009ffff] reserved
[    0.000000] BIOS-e820: [mem 0x00000000000f0000-0x00000000000fffff] reserved
[    0.000000] BIOS-e820: [mem 0x0000000000100000-0x000000003ffeffff] usable
[    0.000000] BIOS-e820: [mem 0x000000003fff0000-0x000000003fffffff] ACPI data
[    0.000000] BIOS-e820: [mem 0x00000000fec00000-0x00000000fec00fff] reserved
[    0.000000] BIOS-e820: [mem 0x00000000fee00000-0x00000000fee00fff] reserved
[    0.000000] BIOS-e820: [mem 0x00000000fffc0000-0x00000000ffffffff] reserved
[    0.000000] NX (Execute Disable) protection: active
[    0.000000] SMBIOS 2.5 present.
[    0.000000] DMI: innotek GmbH VirtualBox/VirtualBox, BIOS VirtualBox 12/01/2006
[    0.000000] Hypervisor detected: KVM
[    0.000000] e820: last_pfn = 0x3fff0 max_arch_pfn = 0x400000000
[    0.000000] MTRR: Disabled
[    0.000000] x86/PAT: MTRRs disabled, skipping PAT initialization too.
[    0.000000] x86/PAT: Configuration [0-7]: WB  WT  UC- UC  WB  WT  UC- UC  
[    0.000000] CPU MTRRs all blank - virtualized system.
[    0.000000] found SMP MP-table at [mem 0x0009fff0-0x0009ffff] mapped at [ffff95ad8009fff0]
[    0.000000] Scanning 1 areas for low memory corruption
[    0.000000] RAMDISK: [mem 0x36949000-0x3749bfff]
[    0.000000] ACPI: Early table checksum verification disabled
[    0.000000] ACPI: RSDP 0x00000000000E0000 000024 (v02 VBOX  )
[    0.000000] ACPI: XSDT 0x000000003FFF0030 00003C (v01 VBOX   VBOXXSDT 00000001 ASL  00000061)
[    0.000000] ACPI: FACP 0x000000003FFF00F0 0000F4 (v04 VBOX   VBOXFACP 00000001 ASL  00000061)
[    0.000000] ACPI: DSDT 0x000000003FFF0470 0021C8 (v02 VBOX   VBOXBIOS 00000002 INTL 20100528)
[    0.000000] ACPI: FACS 0x000000003FFF0200 000040
[    0.000000] ACPI: FACS 0x000000003FFF0200 000040
[    0.000000] ACPI: APIC 0x000000003FFF0240 00005C (v02 VBOX   VBOXAPIC 00000001 ASL  00000061)
[    0.000000] ACPI: SSDT 0x000000003FFF02A0 0001CC (v01 VBOX   VBOXCPUT 00000002 INTL 20100528)
[    0.000000] No NUMA configuration found
[    0.000000] Faking a node at [mem 0x0000000000000000-0x000000003ffeffff]
[    0.000000] NODE_DATA(0) allocated [mem 0x3ffc5000-0x3ffeffff]
[    0.000000] kvm-clock: Using msrs 4b564d01 and 4b564d00
[    0.000000] kvm-clock: cpu 0, msr 0:3ff45001, primary cpu clock
[    0.000000] kvm-clock: using sched offset of 4033240231 cycles
[    0.000000] clocksource: kvm-clock: mask: 0xffffffffffffffff max_cycles: 0x1cd42e4dffb, max_idle_ns: 881590591483 ns
[    0.000000] Zone ranges:
[    0.000000]   DMA      [mem 0x0000000000001000-0x0000000000ffffff]
[    0.000000]   DMA32    [mem 0x0000000001000000-0x000000003ffeffff]
[    0.000000]   Normal   empty
[    0.000000]   Device   empty
[    0.000000] Movable zone start for each node
[    0.000000] Early memory node ranges
[    0.000000]   node   0: [mem 0x0000000000001000-0x000000000009efff]
[    0.000000]   node   0: [mem 0x0000000000100000-0x000000003ffeffff]
[    0.000000] Initmem setup node 0 [mem 0x0000000000001000-0x000000003ffeffff]
[    0.000000] ACPI: PM-Timer IO Port: 0x4008
[    0.000000] IOAPIC[0]: apic_id 2, version 32, address 0xfec00000, GSI 0-23
[    0.000000] ACPI: INT_SRC_OVR (bus 0 bus_irq 0 global_irq 2 dfl dfl)
[    0.000000] ACPI: INT_SRC_OVR (bus 0 bus_irq 9 global_irq 9 high level)
[    0.000000] Using ACPI (MADT) for SMP configuration information
[    0.000000] smpboot: Allowing 2 CPUs, 0 hotplug CPUs
[    0.000000] PM: Registered nosave memory: [mem 0x00000000-0x00000fff]
[    0.000000] PM: Registered nosave memory: [mem 0x0009f000-0x0009ffff]
[    0.000000] PM: Registered nosave memory: [mem 0x000a0000-0x000effff]
[    0.000000] PM: Registered nosave memory: [mem 0x000f0000-0x000fffff]
[    0.000000] e820: [mem 0x40000000-0xfebfffff] available for PCI devices
[    0.000000] Booting paravirtualized kernel on KVM
[    0.000000] clocksource: refined-jiffies: mask: 0xffffffff max_cycles: 0xffffffff, max_idle_ns: 7645519600211568 ns
[    0.000000] setup_percpu: NR_CPUS:8192 nr_cpumask_bits:2 nr_cpu_ids:2 nr_node_ids:1
[    0.000000] percpu: Embedded 36 pages/cpu @ffff95adbfc00000 s107992 r8192 d31272 u1048576
[    0.000000] PV qspinlock hash table entries: 256 (order: 0, 4096 bytes)
[    0.00000] Built 1 zonelists in Node order, mobility grouping on.  Total pages: 257913
[    0.000000] Policy zone: DMA32
[    0.000000] Kernel command line: BOOT_IMAGE=/boot/vmlinuz-4.10.0-22-generic root=LABEL=cloudimg-rootfs ro console=tty1 console=ttyS0
[    0.000000] PID hash table entries: 4096 (order: 3, 32768 bytes)
[    0.000000] Memory: 998332K/1048120K available (9082K kernel code, 1666K rwdata, 3816K rodata, 2228K init, 2364K bss, 49788K reserved, 0K cma-reserved)
[    0.000000] SLUB: HWalign=64, Order=0-3, MinObjects=0, CPUs=2, Nodes=1
[    0.000000] Hierarchical RCU implementation.
[    0.000000] 	Build-time adjustment of leaf fanout to 64.
[    0.000000] 	RCU restricting CPUs from NR_CPUS=8192 to nr_cpu_ids=2.
[    0.000000] RCU: Adjusting geometry for rcu_fanout_leaf=64, nr_cpu_ids=2
[    0.000000] NR_IRQS:524544 nr_irqs:440 16
[    0.000000] Console: colour VGA+ 80x25
[    0.000000] console [tty1] enabled
[    0.000000] console [ttyS0] enabled
[    0.000000] tsc: Detected 2593.992 MHz processor
[    3.933700] Calibrating delay loop (skipped) preset value.. 5187.98 BogoMIPS (lpj=10375968)
[    3.960963] pid_max: default: 32768 minimum: 301
[    3.969760] ACPI: Core revision 20160930
[    4.002958] ACPI: 2 ACPI AML tables successfully acquired and loaded
[    4.009871] Security Framework initialized
[    4.015229] Yama: becoming mindful.
[    4.015932] AppArmor: AppArmor initialized
[    4.016892] Dentry cache hash table entries: 131072 (order: 8, 1048576 bytes)
[    4.022110] Inode-cache hash table entries: 65536 (order: 7, 524288 bytes)
[    4.117926] Mount-cache hash table entries: 2048 (order: 2, 16384 bytes)
[    4.125225] Mountpoint-cache hash table entries: 2048 (order: 2, 16384 bytes)
[    4.178274] CPU: Physical Processor ID: 0
[    4.193025] CPU: Processor Core ID: 0
[    4.202041] mce: CPU supports 0 MCE banks
[    4.244822] Last level iTLB entries: 4KB 1024, 2MB 1024, 4MB 1024
[    4.261274] Last level dTLB entries: 4KB 1024, 2MB 1024, 4MB 1024, 1GB 4
[    4.285839] Freeing SMP alternatives memory: 32K
[    4.320882] ftrace: allocating 34178 entries in 134 pages
[    4.337268] smpboot: Max logical packages: 1
[    4.360500] x2apic enabled
[    4.370250] Switched APIC routing to physical x2apic.
[    4.404885] ..TIMER: vector=0x30 apic1=0 pin1=2 apic2=-1 pin2=-1
[    4.517732] smpboot: CPU0: Intel(R) Core(TM) i7-4510U CPU @ 2.00GHz (family: 0x6, model: 0x45, stepping: 0x1)
[    4.549095] Performance Events: unsupported p6 CPU model 69 no PMU driver, software events only.
[    4.552139] KVM setup paravirtual spinlock
[    4.553539] smp: Bringing up secondary CPUs ...
[    4.562561] x86: Booting SMP configuration:
[    4.563324] .... node  #0, CPUs:      #1
[    4.563532] kvm-clock: cpu 1, msr 0:3ff45041, secondary cpu clock
[    4.576952] mce: CPU supports 0 MCE banks
[    4.583993] smp: Brought up 1 node, 2 CPUs
[    4.613232] smpboot: Total of 2 processors activated (10375.96 BogoMIPS)
[    4.614784] devtmpfs: initialized
[    4.621474] x86/mm: Memory block size: 128MB
[    4.645256] evm: security.selinux
[    4.649323] evm: security.SMACK64
[    4.654783] evm: security.SMACK64EXEC
[    4.670676] evm: security.SMACK64TRANSMUTE
[    4.675782] evm: security.SMACK64MMAP
[    4.691023] evm: security.ima
[    4.699217] evm: security.capability
[    4.712241] clocksource: jiffies: mask: 0xffffffff max_cycles: 0xffffffff, max_idle_ns: 7645041785100000 ns
[    4.732570] futex hash table entries: 512 (order: 3, 32768 bytes)
[    4.741720] pinctrl core: initialized pinctrl subsystem
[    4.748729] RTC time: 11:41:40, date: 06/21/17
[    4.760046] NET: Registered protocol family 16
[    4.781139] cpuidle: using governor ladder
[    4.811886] cpuidle: using governor menu
[    4.838062] PCCT header not found.
[    4.853580] ACPI: bus type PCI registered
[    4.876721] acpiphp: ACPI Hot Plug PCI Controller Driver version: 0.5
[    4.882912] PCI: Using configuration type 1 for base access
[    4.915865] HugeTLB registered 2 MB page size, pre-allocated 0 pages
[    4.937036] ACPI: Added _OSI(Module Device)
[    4.942295] ACPI: Added _OSI(Processor Device)
[    4.947306] ACPI: Added _OSI(3.0 _SCP Extensions)
[    4.955436] ACPI: Added _OSI(Processor Aggregator Device)
[    4.957211] ACPI: Executed 1 blocks of module-level executable AML code
[    4.960736] ACPI: Interpreter enabled
[    4.967337] ACPI: (supports S0 S5)
[    4.974503] ACPI: Using IOAPIC for interrupt routing
[    4.984531] PCI: Using host bridge windows from ACPI; if necessary, use "pci=nocrs" and report a bug
[    5.008357] ACPI: PCI Root Bridge [PCI0] (domain 0000 [bus 00-ff])
[    5.024717] acpi PNP0A03:00: _OSC: OS supports [ASPM ClockPM Segments MSI]
[    5.035955] acpi PNP0A03:00: _OSC failed (AE_NOT_FOUND); disabling ASPM
[    5.040705] acpi PNP0A03:00: fail to add MMCONFIG information, can't access extended PCI configuration space under this bridge.
[    5.050112] PCI host bridge to bus 0000:00
[    5.066292] pci_bus 0000:00: root bus resource [io  0x0000-0x0cf7 window]
[    5.074307] pci_bus 0000:00: root bus resource [io  0x0d00-0xffff window]
[    5.081689] pci_bus 0000:00: root bus resource [mem 0x000a0000-0x000bffff window]
[    5.086727] pci_bus 0000:00: root bus resource [mem 0x40000000-0xffdfffff window]
[    5.100988] pci_bus 0000:00: root bus resource [bus 00-ff]
[    5.121200] pci 0000:00:01.1: legacy IDE quirk: reg 0x10: [io  0x01f0-0x01f7]
[    5.139099] pci 0000:00:01.1: legacy IDE quirk: reg 0x14: [io  0x03f6]
[    5.145267] pci 0000:00:01.1: legacy IDE quirk: reg 0x18: [io  0x0170-0x0177]
[    5.164942] pci 0000:00:01.1: legacy IDE quirk: reg 0x1c: [io  0x0376]
[    5.193796] pci 0000:00:07.0: quirk: [io  0x4000-0x403f] claimed by PIIX4 ACPI
[    5.220269] pci 0000:00:07.0: quirk: [io  0x4100-0x410f] claimed by PIIX4 SMB
[    5.237177] ACPI: PCI Interrupt Link [LNKA] (IRQs 5 9 10 *11)
[    5.248144] ACPI: PCI Interrupt Link [LNKB] (IRQs 5 9 10 *11)
[    5.259950] ACPI: PCI Interrupt Link [LNKC] (IRQs 5 9 *10 11)
[    5.262954] ACPI: PCI Interrupt Link [LNKD] (IRQs 5 *9 10 11)
[    5.264124] ACPI: Enabled 2 GPEs in block 00 to 07
[    5.267406] SCSI subsystem initialized
[    5.277592] pci 0000:00:02.0: vgaarb: setting as boot VGA device
[    5.289552] pci 0000:00:02.0: vgaarb: VGA device added: decodes=io+mem,owns=io+mem,locks=none
[    5.292373] pci 0000:00:02.0: vgaarb: bridge control possible
[    5.293334] vgaarb: loaded
[    5.293973] ACPI: bus type USB registered
[    5.304317] usbcore: registered new interface driver usbfs
[    5.312367] usbcore: registered new interface driver hub
[    5.322680] usbcore: registered new device driver usb
[    5.323884] PCI: Using ACPI for IRQ routing
[    5.326150] NetLabel: Initializing
[    5.332217] NetLabel:  domain hash size = 128
[    5.356471] NetLabel:  protocols = UNLABELED CIPSOv4 CALIPSO
[    5.357458] NetLabel:  unlabeled traffic allowed by default
[    5.369667] clocksource: Switched to clocksource kvm-clock
[    5.393131] VFS: Disk quotas dquot_6.6.0
[    5.445591] VFS: Dquot-cache hash table entries: 512 (order 0, 4096 bytes)
[    5.482087] AppArmor: AppArmor Filesystem Enabled
[    5.489137] pnp: PnP ACPI init
[    5.491363] pnp: PnP ACPI: found 3 devices
[    5.503112] clocksource: acpi_pm: mask: 0xffffff max_cycles: 0xffffff, max_idle_ns: 2085701024 ns
[    5.547110] NET: Registered protocol family 2
[    5.548037] TCP established hash table entries: 8192 (order: 4, 65536 bytes)
[    5.550937] TCP bind hash table entries: 8192 (order: 5, 131072 bytes)
[    5.554618] TCP: Hash tables configured (established 8192 bind 8192)
[    5.570393] UDP hash table entries: 512 (order: 2, 16384 bytes)
[    5.624447] UDP-Lite hash table entries: 512 (order: 2, 16384 bytes)
[    5.650865] NET: Registered protocol family 1
[    5.680229] pci 0000:00:00.0: Limiting direct PCI/PCI transfers
[    5.702615] pci 0000:00:01.0: Activating ISA DMA hang workarounds
[    5.706711] pci 0000:00:02.0: Video device with shadowed ROM at [mem 0x000c0000-0x000dffff]
[    5.722582] Unpacking initramfs...
[    7.769967] Freeing initrd memory: 11596K
[    7.787686] platform rtc_cmos: registered platform RTC device (no PNP device found)
[    7.802297] Scanning for low memory corruption every 60 seconds
[    7.824651] audit: initializing netlink subsys (disabled)
[    7.839579] audit: type=2000 audit(1498045305.313:1): initialized
[    7.839908] Initialise system trusted keyrings
[    7.840007] workingset: timestamp_bits=36 max_order=18 bucket_order=0
[    7.842085] zbud: loaded
[    7.842622] squashfs: version 4.0 (2009/01/31) Phillip Lougher
[    7.842882] fuse init (API version 7.26)
[    7.843758] Key type asymmetric registered
[    7.843759] Asymmetric key parser 'x509' registered
[    7.843796] Block layer SCSI generic (bsg) driver version 0.4 loaded (major 248)
[    7.843824] io scheduler noop registered
[    7.843825] io scheduler deadline registered
[    7.843833] io scheduler cfq registered (default)
[    8.004745] ACPI: AC Adapter [AC] (on-line)
[    8.008962] input: Power Button as /devices/LNXSYSTM:00/LNXPWRBN:00/input/input0
[    8.017616] ACPI: Power Button [PWRF]
[    8.026231] input: Sleep Button as /devices/LNXSYSTM:00/LNXSLPBN:00/input/input1
[    8.044116] ACPI: Sleep Button [SLPF]
[    8.050065] GHES: HEST is not enabled!
[    8.051089] ACPI: Battery Slot [BAT0] (battery present)
[    8.098023] Serial: 8250/16550 driver, 32 ports, IRQ sharing enabled
[    8.143922] 00:02: ttyS0 at I/O 0x3f8 (irq = 4, base_baud = 115200) is a 16550A
[    8.200733] Linux agpgart interface v0.103
[    8.205391] loop: module loaded
[    8.211164] scsi host0: ata_piix
[    8.215564] scsi host1: ata_piix
[    8.223131] ata1: PATA max UDMA/33 cmd 0x1f0 ctl 0x3f6 bmdma 0xd000 irq 14
[    8.224231] ata2: PATA max UDMA/33 cmd 0x170 ctl 0x376 bmdma 0xd008 irq 15
[    8.225405] libphy: Fixed MDIO Bus: probed
[    8.231282] tun: Universal TUN/TAP device driver, 1.6
[    8.240088] tun: (C) 1999-2004 Max Krasnyansky <maxk@qualcomm.com>
[    8.243671] PPP generic driver version 2.4.2
[    8.244514] ehci_hcd: USB 2.0 'Enhanced' Host Controller (EHCI) Driver
[    8.249964] ehci-pci: EHCI PCI platform driver
[    8.307759] ehci-platform: EHCI generic platform driver
[    8.311886] ohci_hcd: USB 1.1 'Open' Host Controller (OHCI) Driver
[    8.322215] ohci-pci: OHCI PCI platform driver
[    8.367074] ohci-platform: OHCI generic platform driver
[    8.413465] uhci_hcd: USB Universal Host Controller Interface driver
[    8.420853] i8042: PNP: PS/2 Controller [PNP0303:PS2K,PNP0f03:PS2M] at 0x60,0x64 irq 1,12
[    8.422783] serio: i8042 KBD port at 0x60,0x64 irq 1
[    8.427458] serio: i8042 AUX port at 0x60,0x64 irq 12
[    8.429429] mousedev: PS/2 mouse device common for all mice
[    8.470872] rtc_cmos rtc_cmos: rtc core: registered rtc_cmos as rtc0
[    8.517602] input: AT Translated Set 2 keyboard as /devices/platform/i8042/serio0/input/input2
[    8.518000] rtc_cmos rtc_cmos: alarms up to one day, 114 bytes nvram
[    8.518015] i2c /dev entries driver
[    8.518099] device-mapper: uevent: version 1.0.3
[    8.568741] device-mapper: ioctl: 4.35.0-ioctl (2016-06-23) initialised: dm-devel@redhat.com
[    8.751621] ledtrig-cpu: registered to indicate activity on CPUs
[    8.877590] tsc: Refined TSC clocksource calibration: 2594.703 MHz
[    8.931174] clocksource: tsc: mask: 0xffffffffffffffff max_cycles: 0x2566b008194, max_idle_ns: 440795255951 ns
[    8.931595] NET: Registered protocol family 10
[    8.950211] Segment Routing with IPv6
[    8.958514] NET: Registered protocol family 17
[    8.965562] Key type dns_resolver registered
[    8.971637] registered taskstats version 1
[    8.999720] Loading compiled-in X.509 certificates
[    9.007301] Loaded X.509 cert 'Build time autogenerated kernel key: a167cdd0c8d1eea96632c95731fa483a527957b7'
[    9.088477] zswap: loaded using pool lzo/zbud
[    9.158774] Key type big_key registered
[    9.208301] Key type trusted registered
[    9.222327] Key type encrypted registered
[    9.228729] AppArmor: AppArmor sha1 policy hashing enabled
[    9.249139] ima: No TPM chip found, activating TPM-bypass! (rc=-19)
[    9.253242] evm: HMAC attrs: 0x1
[    9.280614]   Magic number: 5:875:681
[    9.303659] rtc_cmos rtc_cmos: setting system clock to 2017-06-21 11:41:45 UTC (1498045305)
[    9.323869] BIOS EDD facility v0.16 2004-Jun-25, 0 devices found
[    9.347622] EDD information not available.
[    9.370402] Freeing unused kernel memory: 2228K
[    9.374837] Write protecting the kernel read-only data: 14336k
[    9.385561] Freeing unused kernel memory: 1144K
[    9.398835] Freeing unused kernel memory: 280K
[    9.419312] x86/mm: Checked W+X mappings: passed, no W+X pages found.
Loading, please [    9.500926] random: systemd-udevd: uninitialized urandom read (16 bytes read)
wait...
startin[    9.503349] random: udevadm: uninitialized urandom read (16 bytes read)
g version 233
[    9.503385] random: udevadm: uninitialized urandom read (16 bytes read)
[    9.503900] random: udevadm: uninitialized urandom read (16 bytes read)
[    9.503944] random: udevadm: uninitialized urandom read (16 bytes read)
[    9.503953] random: udevadm: uninitialized urandom read (16 bytes read)
[    9.504154] random: udevadm: uninitialized urandom read (16 bytes read)
[    9.504199] random: udevadm: uninitialized urandom read (16 bytes read)
[    9.504239] random: udevadm: uninitialized urandom read (16 bytes read)
[    9.504281] random: udevadm: uninitialized urandom read (16 bytes read)
[   10.056224] e1000: Intel(R) PRO/1000 Network Driver - version 7.3.21-k8-NAPI
[   10.075553] e1000: Copyright (c) 1999-2006 Intel Corporation.
[   10.109271] Fusion MPT base driver 3.04.20
[   10.116827] Copyright (c) 1999-2008 LSI Corporation
[   10.135883] AVX version of gcm_enc/dec engaged.
[   10.157753] AES CTR mode by8 optimization enabled
[   10.161216] Fusion MPT SPI Host driver 3.04.20
[   10.325030] input: ImExPS/2 Generic Explorer Mouse as /devices/platform/i8042/serio1/input/input4
[   10.510227] e1000 0000:00:03.0 eth0: (PCI:33MHz:32-bit) 02:cf:37:66:09:ea
[   10.545353] e1000 0000:00:03.0 eth0: Intel(R) PRO/1000 Network Connection
[   10.934442] e1000 0000:00:08.0 eth1: (PCI:33MHz:32-bit) 08:00:27:20:14:45
[   11.026284] e1000 0000:00:08.0 eth1: Intel(R) PRO/1000 Network Connection
[   11.103776] mptbase: ioc0: Initiating bringup
[   11.107978] e1000 0000:00:08.0 enp0s8: renamed from eth1
[   11.139394] e1000 0000:00:03.0 enp0s3: renamed from eth0
[   11.226352] ioc0: LSI53C1030 A0: Capabilities={Initiator}
[   11.520825] scsi host2: ioc0: LSI53C1030 A0, FwRev=00000000h, Ports=1, MaxQ=256, IRQ=20
[   11.714895] scsi 2:0:0:0: Direct-Access     VBOX     HARDDISK         1.0  PQ: 0 ANSI: 5
[   11.789272] scsi target2:0:0: Beginning Domain Validation
[   11.800393] scsi target2:0:0: Domain Validation skipping write tests
[   11.925855] scsi target2:0:0: Ending Domain Validation
[   12.004709] scsi target2:0:0: asynchronous
[   12.078215] scsi 2:0:1:0: Direct-Access     VBOX     HARDDISK         1.0  PQ: 0 ANSI: 5
[   12.096491] scsi target2:0:1: Beginning Domain Validation
[   12.131036] scsi target2:0:1: Domain Validation skipping write tests
[   12.162909] scsi target2:0:1: Ending Domain Validation
[   12.166487] scsi target2:0:1: asynchronous
[   12.206124] random: fast init done
[   12.236872] sd 2:0:0:0: Attached scsi generic sg0 type 0
[   12.237193] sd 2:0:0:0: [sda] 20971520 512-byte logical blocks: (10.7 GB/10.0 GiB)
[   12.237241] sd 2:0:0:0: [sda] Write Protect is off
[   12.237349] sd 2:0:0:0: [sda] Incomplete mode parameter data
[   12.237350] sd 2:0:0:0: [sda] Assuming drive cache: write through
[   12.259794]  sda: sda1
[   12.260638] sd 2:0:0:0: [sda] Attached SCSI disk
[   12.426048] sd 2:0:1:0: Attached scsi generic sg1 type 0
[   12.426279] sd 2:0:1:0: [sdb] 20480 512-byte logical blocks: (10.5 MB/10.0 MiB)
[   12.426323] sd 2:0:1:0: [sdb] Write Protect is off
[   12.426404] sd 2:0:1:0: [sdb] Incomplete mode parameter data
[   12.426405] sd 2:0:1:0: [sdb] Assuming drive cache: write through
[   12.458311] sd 2:0:1:0: [sdb] Attached SCSI disk
[   13.210330] floppy0: no floppy controllers found
Begin: Loading essential drivers ... [   14.682196] raid6: sse2x1   gen()  8572 MB/s
[   14.773909] raid6: sse2x1   xor()  6754 MB/s
[   14.889875] raid6: sse2x2   gen() 11138 MB/s
[   14.985955] raid6: sse2x2   xor()  7497 MB/s
[   15.065913] raid6: sse2x4   gen() 12908 MB/s
[   15.145996] raid6: sse2x4   xor()  8631 MB/s
[   15.206869] raid6: using algorithm sse2x4 gen() 12908 MB/s
[   15.231307] raid6: .... xor() 8631 MB/s, rmw enabled
[   15.265546] raid6: using ssse3x2 recovery algorithm
[   15.321216] xor: automatically using best checksumming function   avx       
[   15.387610] async_tx: api initialized (async)
done.
Begin: Running /scripts/init-premount ... done.[   15.442770] Btrfs loaded, crc32c=crc32c-intel

Begin: Mounting root file system ... Begin: Running /scripts/local-top ... done.
Begin: Running /scripts/local-premount ... Scanning for Btrfs filesystems
done.
Warning: fsck not present, so skipping root file[   15.542113] EXT4-fs (sda1): mounted filesystem with ordered data mode. Opts: (null)
 system
done.
Begin: Running /scripts/local-bottom ... done.
Begin: Running /scripts/init-bottom ... /scripts/init-bottom/plymouth: line 18: /bin/plymouth: not found
done.
[   16.763320] Unable to open file: /etc/ima/ima-policy (-2)
[   16.763328] IMA: policy update failed
[   16.931837] audit: type=1802 audit(1498045313.128:2): pid=1 uid=0 auid=4294967295 ses=4294967295 op="policy_update" cause="failed" comm="systemd" res=0
[   17.405809] ip_tables: (C) 2000-2006 Netfilter Core Team
[   17.557153] random: crng init done
[   17.918636] systemd[1]: systemd 233 running in system mode. (+PAM +AUDIT +SELINUX +IMA +APPARMOR +SMACK +SYSVINIT +UTMP +LIBCRYPTSETUP +GCRYPT +GNUTLS +ACL +XZ +LZ4 +SECCOMP +BLKID +ELFUTILS +KMOD +IDN default-hierarchy=hybrid)
[   18.145965] systemd[1]: Detected virtualization oracle.
[   18.230806] systemd[1]: Detected architecture x86-64.

Welcome to [1mUbuntu Artful Aardvark (development branch)[0m!

[   18.406240] systemd[1]: Set hostname to <ubuntu>.
[   18.470409] systemd[1]: Initializing machine ID from random generator.
[   18.478344] systemd[1]: Installed transient /etc/machine-id file.
[   19.921409] systemd[1]: Reached target Swap.
[[0;32m  OK  [0m] Reached target Swap.
[   19.982411] systemd[1]: Listening on udev Kernel Socket.
[[0;32m  OK  [0m] Listening on udev Kernel Socket.
[   20.126081] systemd[1]: Listening on Device-mapper event daemon FIFOs.
[[0;32m  OK  [0m] Listening on Device-mapper event daemon FIFOs.
[   20.252251] systemd[1]: Created slice User and Session Slice.
[[0;32m  OK  [0m] Created slice User and Session Slice.
[[0;32m  OK  [0m] Set up automount Arbitrary Executab…rmats File System Automount Point.
[[0;32m  OK  [0m] Started Forward Password Requests to Wall Directory Watch.
[[0;32m  OK  [0m] Listening on Journal Socket.
[[0;32m  OK  [0m] Listening on udev Control Socket.
[[0;32m  OK  [0m] Listening on Journal Audit Socket.
[[0;32m  OK  [0m] Listening on Syslog Socket.
[[0;32m  OK  [0m] Listening on /dev/initctl Compatibility Named Pipe.
[[0;32m  OK  [0m] Reached target User and Group Name Lookups.
[[0;32m  OK  [0m] Listening on LVM2 metadata daemon socket.
[[0;32m  OK  [0m] Listening on LVM2 poll daemon socket.
[[0;32m  OK  [0m] Listening on Journal Socket (/dev/log).
[[0;32m  OK  [0m] Created slice System Slice.
         Mounting Debug File System...
         Starting Load Kernel Modules...
         Starting Monitoring of [   21.258287] Loading iSCSI transport class v2.0-870.
LVM2 mirrors…ng dmeventd or progress polling...
         Mounting Huge Pages File System...
         Starting Create list of required st…ce nodes for the current kernel..[   21.467103] iscsi: registered transport (tcp)
.
         Starting Nameserver information manager...
         Starting Journal Service...
[   21.648051] iscsi: registered transport (iser)
         Starting Set the console keyboard layout...
[[0;32m  OK  [0m] Reached target Slices.
         Mounting POSIX Message Queue File System...
         Starting Remount Root and Kernel File Systems...
[[0;32m  OK  [0m] Created slice system-serial\x2dgetty.slice.
         Starting Uncompl[   21.921033] EXT4-fs (sda1): re-mounted. Opts: (null)
icated firewall...
[[0;32m  OK  [0m] Mounted Debug File System.
[[0;32m  OK  [0m] Mounted POSIX Message Queue File System.
[[0;32m  OK  [0m] Mounted Huge Pages File System.
[[0;32m  OK  [0m] Started Journal Service.
[[0;32m  OK  [0m] Started Load Kernel Modules.
[[0;32m  OK  [0m] Started Create list of required sta…vice nodes for the current kernel.
[[0;32m  OK  [0m] Started Remount Root and Kernel File Systems.
[[0;32m  OK  [0m] Started Uncomplicated firewall.
[[0;32m  OK  [0m] Started Nameserver information manager.
[[0;32m  OK  [0m] Started LVM2 metadata daemon.
         Starting udev Coldplug all Devices...
         Starting Load/Save Random Seed...
         Starting Initial cloud-init job (pre-networking)...
         Starting Create Static Device Nodes in /dev...
         Mounting Configuration File System...
         Starting Apply Kernel Variables...
         Mounting FUSE Control File System...
         Starting Flush Journal to Persistent Storage...
[[0;32m  OK  [0m] Mounted Configuration File System.
[[0;32m  OK  [0m] Mounted FUSE Control File System.
[[0;32m  OK  [0m] Started Monitoring of LVM2 mirrors,…sing dmeventd or progress polling.
[[0;32m  OK  [0m] Started Load/Save Random Seed.
[[0;32m  OK  [0m] Started Apply Kernel Variables.
[[0;32m  OK  [0m] Started Create Static Device Nodes in /dev.
[[0;32m  OK  [0m] Started udev Coldplug all Devices.
         Starting udev Kernel Device Manager...
[[0;32m  OK  [0m] Started Flush Journal to Persistent Storage.
[[0;32m  OK  [0m] Started udev Kernel Device Manager.
[[0;32m  OK  [0m] Started Set the console keyboard layout.
[[0;32m  OK  [0m] Started Dispatch Password Requests to Console Directory Watch.
[[0;32m  OK  [0m] Reached target Encrypted Volumes.
[[0;32m  OK  [0m] Reached target Local File Systems (Pre).
[[0;32m  OK  [0m] Reached target Local File Systems.
         Starting Tell Plymouth To Write Out Runtime Data...
         Starting Set console font and keymap...
         Starting Commit a transient machine-id on disk...
         Starting AppArmor initialization...
         Starting ebtables ruleset management...
         Starting Create Volatile Files and Directories...
[[0;32m  OK  [0m] Started Tell Plymouth To Write Out Runtime Data.
[[0;32m  OK  [0m] Started Set console font and keymap.
[[0;32m  OK  [0m] Found device /dev/ttyS0.
[[0;32m  OK  [0m] Started Create Volatile Files and Directories.
         Starting Update UTMP about System Boot/Shutdown...
[[0;32m  OK  [0m] Reached target System Time Synchronized.
[[0;32m  OK  [0m] Started ebtables ruleset management.
[[0;32m  OK  [0m] Started Update UTMP about System Boot/Shutdown.
[[0;32m  OK  [0m] Started Commit a transient machine-id on disk.
[[0;32m  OK  [0m] Listening on Load/Save RF Kill Switch Status /dev/rfkill Watch.
[[0;32m  OK  [0m] Started AppArmor initialization.
[   25.899257] cloud-init[452]: Cloud-init v. 0.7.9 running 'init-local' at Wed, 21 Jun 2017 11:42:06 +0000. Up 25.51 seconds.
[[0;32m  OK  [0m] Started Initial cloud-init job (pre-networking).
[[0;32m  OK  [0m] Reached target Network (Pre).
         Starting Raise network interfaces...
[[0;32m  OK  [0m] Started Raise network interfaces.
[[0;32m  OK  [0m] Reached target Network.
         Starting Initial cloud-init job (metadata service crawler)...
[   30.430400] cloud-init[926]: Cloud-init v. 0.7.9 running 'init' at Wed, 21 Jun 2017 11:42:08 +0000. Up 27.38 seconds.
[[0;32m  OK  [0m] Started Initial cloud-init job (metadata service crawler).
[   30.540755] cloud-init[926]: ci-info: ++++++++++++++++++++++++++++++Net device info++++++++++++++++++++++++++++++
[[0;32m  OK  [0m] Reached target System Initialization.
[   30.595185] [[0;32m  OK  [0m] Listening on ACPID Listen Socket.
cloud-init[926]: ci-info: +---------+-------+-----------+---------------+-------+-------------------+
[[0;32m  OK  [0m] Started Message of the Day.
[   30.784996] [cloud-init[0;32m  OK  [0m[926]: ] ci-info: |  Device |   Up  |  Address  |      Mask     | Scope |     Hw-Address    |Listening on D-Bus System Message Bus Socket.

         Starting Socket activation for snappy daemon.
[   30.912615] cloud-init[926]: ci-info: +---------+-------+-----------+---------------+-------+-------------------+
[[0;32m  OK  [0m] Listening on UUID daemon activation socket.
[   30.972893] [cloud-init[0;32m  OK  [0m[926]: ] ci-info: | enp0s8: | False |     .     |       .       |   .   | 08:00:27:20:14:45 |Started Timer to automatically refresh installed snaps.

         Starting LXD - unix socket.
[   31.204633] cloud-init[926]: ci-info: |   lo:   |  True | 127.0.0.1 |   255.0.0.0   |   .   |         .         |
[[0;32m  OK  [0m] Started ACPI Events Check.
[   31.258475] [cloud-init[0;32m  OK  [0m[926]: ] ci-info: |   lo:   |  True |     .     |       .       |   d   |         .         |Reached target Paths.

[[0;32m  OK  [0m] Started Daily Cleanup of Temporary Directories.
[   31.352341] [cloud-init[0;32m  OK  [0m[926]: ] ci-info: | enp0s3: |  True | 10.0.2.15 | 255.255.255.0 |   .   | 02:cf:37:66:09:ea |Reached target Network is Online.

[   31.500548]          cloud-initStarting iSCSI initiator daemon (iscsid)...[926]: 
ci-info: | enp0s3: |  True |     .     |       .       |   d   | 02:cf:37:66:09:ea |
[[0;32m  OK  [0m] Started Daily apt download activities.
[   31.577024] [cloud-init[0;32m  OK  [0m[926]: ] ci-info: +---------+-------+-----------+---------------+-------+-------------------+Started Daily apt upgrade and clean activities.

[[0;32m  OK  [0m] Reached target Timers.
[   31.602758] [cloud-init[0;32m  OK  [0m[926]: ] ci-info: +++++++++++++++++++++++++++Route IPv4 info++++++++++++++++++++++++++++Reached target Cloud-config availability.

[[0;32m  OK  [0m] Listening on Socket activation for snappy daemon.
[   31.707133] [cloud-init[0;32m  OK  [0m[926]: ] ci-info: +-------+-------------+----------+---------------+-----------+-------+Listening on LXD - unix socket.

[[0;32m  OK  [0m] Reached target Sockets.
[   31.864789] [cloud-init[0;32m  OK  [0m[926]: ] ci-info: | Route | Destination | Gateway  |    Genmask    | Interface | Flags |Reached target Basic System.

         Starting LXD - container startup/shutdown...
[   32.020824] cloud-init[926]: ci-info: +-------+-------------+----------+---------------+-----------+-------+
[[0;32m  OK  [0m] Started D-Bus System Message Bus.
[   32.082275] cloud-init[926]: ci-info: |   0   |   0.0.0.0   | 10.0.2.2 |    0.0.0.0    |   enp0s3  |   UG  |
[   32.204946] cloud-init[926]: ci-info: |   1   |   10.0.2.0  | 0.0.0.0  | 255.255.255.0 |   enp0s3  |   U   |
[   32.292617] cloud-init[926]: ci-info: +-------+-------------+----------+---------------+-----------+-------+
[   32.351311] cloud-init[926]: Generating public/private rsa key pair.
[   32.392623] cloud-init[926]: Your identification has been saved in /etc/ssh/ssh_host_rsa_key.
[   32.461084] cloud-init[926]: Your public key has been saved in /etc/ssh/ssh_host_rsa_key.pub.
[   32.524845] cloud-init[926]: The key fingerprint is:
[   32.541099] cloud-init[926]: SHA256:18MfLxGJ4OUalA/N3AryyQUm7I27LDg5MgYXxp+HFxw root@ubuntu-artful
         Starting Accounts Service...
[   32.593092] cloud-init[926]: The key's randomart image is:
[   32.644468] cloud-init[926]: +---[RSA 2048]----+
[   32.688719] cloud-init[926]: |       .. =*..   |
[   32.731611] cloud-init[926]: |      E o=++=... |
[   32.749721] cloud-init[926]: | .   . o *o*o.o  |
[   32.759580] cloud-init[926]: |  +   o o ==o  . |
[   32.781144] cloud-init[926]: | . o o .S.o + o  |
[[0;32m  OK  [0m] Started Regular background program processing daemon.
[   32.808664] cloud-init[926]: |. . + o ..   o + |
         Starting LSB: Record successful boot for GRUB...
[   32.889653] cloud-init[926]: | o   = . .    o .|
[   32.972184] cloud-init[926]: |  + = . o      . |
[   33.008711] cloud-init[926]: | . o o .         |
[   33.048693] cloud-init[926]: +----[SHA256]-----+
[   33.076304] cloud-init[926]: Generating public/private dsa key pair.
[   33.128890] cloud-init[926]: Your identification has been saved in /etc/ssh/ssh_host_dsa_key.
         Starting Pollinate to seed the pseudo random number generator...
         Starting Apply the settings specified in cloud-config...
         Starting Network Name Resolution...
[   33.223317] cloud-init[926]: Your public key has been saved in /etc/ssh/ssh_host_dsa_key.pub.
         Starting System Logging Service...
[   33.459976] cloud-init[926]: The key fingerprint is:
[[0;32m  OK  [0m] Started FUSE filesystem for LXC.
[   33.516873] cloud-init[926]: SHA256:gCFiBLLYhqkmF1YaTIErKxopJW+0tP4+A0kE8umlqWA root@ubuntu-artful
[   33.646580] cloud-init[926]: The key's randomart image is:
[   33.672668] cloud-init[926]: +---[DSA 1024]----+
[   33.720736] cloud-init[926]: |OB=.o            |
[   33.736456] cloud-init[926]: |*Bo* o           |
[   33.771609] cloud-init[926]: |=oO o .          |
[   33.788049] cloud-init[926]: |=+==   .         |
[   33.808286] cloud-init[926]: |=E=+    S        |
[   33.812605] cloud-init[926]: |@oB              |
[   33.819891] cloud-init[926]: |=+ .             |
[   33.837009] cloud-init[926]: |. . o            |
[   33.857092] cloud-init[926]: |   ooo           |
[   33.863026] cloud-init[926]: +----[SHA256]-----+
[   33.877833] cloud-init[926]: Generating public/private ecdsa key pair.
[   33.892323] cloud-init[926]: Your identification has been saved in /etc/ssh/ssh_host_ecdsa_key.
[   33.978747] cloud-init[926]: Your public key has been saved in /etc/ssh/ssh_host_ecdsa_key.pub.
[[0;32m  OK  [0m] Started Snappy daemon.
[   34.009017] cloud-init[926]: The key fingerprint is:
[[   34.018278] cloud-init[926]: SHA256:ovWTcR/jgXnkxeBWmKi2RaCS10l6SFdHQYreF+cAXaw root@ubuntu-artful
[   34.018465] cloud-init[926]: The key's randomart image is:
[0;32m  OK  [0m] Started Unattended Upgrades Shutdown.
[   34.018647] cloud-init[926]: +---[ECDSA 256]---+
[   34.086089] cloud-init[926]: |      . +oo=**o  |
[[   34.091367] cloud-init[926]: |     o B oo=++.  |
[   34.091552] cloud-init[926]: |    o = =o. *.+  |
[0;32m  OK  [0m] Started Deferred execution scheduler.
         Starting Auto import assertions from block devices...
         Starting Login Service...
[[0;32m  OK  [0m] Started System Logging Service.
[[0;32m  OK  [0m] Started iSCSI initiator daemon (iscsid).
[[0;32m  OK  [0m] Started Auto import assertions from block devices.
[   34.091721] cloud-init[926]: |     o oo..*E*   |
[   34.352382] cloud-init[926]: |      o.So= B .  |
[   34.388993] cloud-init[926]: |     o o.+ = +   |
[   34.398335] cloud-init[926]: |    .   +   o    |
[   34.421308] cloud-init[926]: |         .       |
[   34.444689] cloud-init[926]: |                 |
[   34.476914] cloud-init[926]: +----[SHA256]-----+
[   34.512488] cloud-init[926]: Generating public/private ed25519 key pair.
[   34.548234] cloud-init[926]: Your identification has been saved in /etc/ssh/ssh_host_ed25519_key.
[[0;32m  OK  [0m] Started Network Name Resolution.
[   34.604637] cloud-init[926]: Your public key has been saved in /etc/ssh/ssh_host_ed25519_key.pub.
         Starting Authorization Manager...
[   34.721216] cloud-init[926]: The key fingerprint is:
         Starting Login to default iSCSI targets...
[   34.805046] cloud-init[926]: SHA256:dR/PYtS8K8ACOnYyOAWX7pyprOoovUZ70tuXiVSqY4s root@ubuntu-artful
[[0;32m  OK  [0m] Started Login Service.
[   34.869779] cloud-init[926]: The key's randomart image is:
[   34.928767] cloud-init[926]: +--[ED25519 256]--+
[   34.948204] cloud-init[926]: |   . ..          |
[   34.972639] cloud-init[926]: |    o.         o |
[   34.992384] cloud-init[926]: |    .. .  . . o o|
[   35.016864] cloud-init[926]: |    o.. o... o +.|
[   35.056810] cloud-init[926]: |   oo*o+S. o  +.o|
[   35.086987] cloud-init[926]: |  . o=B   . .. ..|
[   35.121535] cloud-init[926]: | o.o.o . o   . . |
[   35.164287] cloud-init[926]: |o =+*.. +     .  |
[   35.197463] cloud-init[926]: |*+E=o+..         |
[   35.233023] cloud-init[926]: +----[SHA256]-----+
[   35.275275] cloud-init[1139]: Generating locales (this might take a while)...
[[0;32m  OK  [0m] Started Login to default iSCSI targets.
[[0;32m  OK  [0m] Reached target Remote File Systems (Pre).
[[0;32m  OK  [0m] Reached target Remote File Systems.
         Starting LSB: VirtualBox Linux Additions...
         Starting Permit User Sessions...
         Starting LSB: automatic crash report generation...
         Starting LSB: daemon to balance interrupts for SMP systems...
[[0;32m  OK  [0m] Started LSB: Record successful boot for GRUB.
[[0;32m  OK  [0m] Started Permit User Sessions.
         Starting Terminate Plymouth Boot Screen...
         Starting Hold until boot process finishes up...
[[0;32m  OK  [0m] Started Terminate Plymouth Boot Screen.
[[0;32m  OK  [0m] Started Hold until boot process finishes up.
         Starting Set console scheme...
[[0;32m  OK  [0m] Started Serial Getty on ttyS0.
[[0;32m  OK  [0m] Started Set console scheme.
[[0;32m  OK  [0m] Created slice system-getty.slice.
[[0;32m  OK  [0m] Started Getty on tty1.
[[0;32m  OK  [0m] Reached target Login Prompts.
[[0;32m  OK  [0m] Started LSB: automatic crash report generation.
[[0;32m  OK  [0m] Started LSB: daemon to balance interrupts for SMP systems.
[[0;32m  OK  [0m] Started Authorization Manager.
[[0;32m  OK  [0m] Started Accounts Service.
[[0;32m  OK  [0m] Started LSB: VirtualBox Linux Additions.
[   39.212932] cloud-init[1139]:   en_US.UTF-8... done
[   39.245364] cloud-init[1139]: Generation complete.
[[0;32m  OK  [0m] Started Pollinate to seed the pseudo random number generator.
         Starting OpenBSD Secure Shell server...
[[0;32m  OK  [0m] Started OpenBSD Secure Shell server.
[[0;32m  OK  [0m] Started LXD - container startup/shutdown.
[[0;32m  OK  [0m] Reached target Multi-User System.
[[0;32m  OK  [0m] Reached target Graphical Interface.
         Starting Update UTMP about System Runlevel Changes...
[[0;32m  OK  [0m] Started Update UTMP about System Runlevel Changes.
         Stopping OpenBSD Secure Shell server...
[[0;32m  OK  [0m] Stopped OpenBSD Secure Shell server.
         Starting OpenBSD Secure Shell server...
[[0;32m  OK  [0m] Started OpenBSD Secure Shell server.

Ubuntu Artful Aardvark (development branch) ubuntu-artful ttyS0

ubuntu-artful login: [   42.230020] cloud-init[1139]: Cloud-init v. 0.7.9 running 'modules:config' at Wed, 21 Jun 2017 11:42:14 +0000. Up 34.06 seconds.
ci-info: no authorized ssh keys fingerprints found for user ubuntu.
<14>Jun 21 11:42:23 ec2: 
<14>Jun 21 11:42:23 ec2: #############################################################
<14>Jun 21 11:42:23 ec2: -----BEGIN SSH HOST KEY FINGERPRINTS-----
<14>Jun 21 11:42:23 ec2: 1024 SHA256:gCFiBLLYhqkmF1YaTIErKxopJW+0tP4+A0kE8umlqWA root@ubuntu-artful (DSA)
<14>Jun 21 11:42:23 ec2: 256 SHA256:ovWTcR/jgXnkxeBWmKi2RaCS10l6SFdHQYreF+cAXaw root@ubuntu-artful (ECDSA)
<14>Jun 21 11:42:23 ec2: 256 SHA256:dR/PYtS8K8ACOnYyOAWX7pyprOoovUZ70tuXiVSqY4s root@ubuntu-artful (ED25519)
<14>Jun 21 11:42:23 ec2: 2048 SHA256:18MfLxGJ4OUalA/N3AryyQUm7I27LDg5MgYXxp+HFxw root@ubuntu-artful (RSA)
<14>Jun 21 11:42:23 ec2: -----END SSH HOST KEY FINGERPRINTS-----
<14>Jun 21 11:42:23 ec2: #############################################################
-----BEGIN SSH HOST KEY KEYS-----
ecdsa-sha2-nistp256 AAAAE2VjZHNhLXNoYTItbmlzdHAyNTYAAAAIbmlzdHAyNTYAAABBBJuHANyEoNbFe3TfBdtCOksJNn1Kvx2av+pB7LxbwvFmNMCR+DD3r9X8OxCTC56HVIuC+eKIKVaFX5DdLykxioY= root@ubuntu-artful
ssh-ed25519 AAAAC3NzaC1lZDI1NTE5AAAAIFez3OupDbu/ojePGkjNipo5UtYxrQII8TCsbttXuKsV root@ubuntu-artful
ssh-rsa AAAAB3NzaC1yc2EAAAADAQABAAABAQDB4TZBbHY4URE72QiZt3EeeyvALnznhBK70EGz0Hx4YMyIMxie6GeJ9xTYQSMd67Thkk92Ic8uWd79sZmTHfR59jhtEq2x3nhmH9kXMzGFNYSGeYCsQJKxpXyPq7AZU2FQ6G48tAY53m1ZOHJfWaQIuqv7JERssV/odnETRcj29PqSkbF0kzZ0XLu9DjPrYHiX7YmvwMT8w4s3VC/7FAZS36pGJgw76hImceMhCIGSdbajsQRJUT7YWcKy3HYtwphsuUF5cQt1BQ3nS5aj9GezdBf9MPFBnutJr4V3FGbPcvzlW+jlxOHbKHFVHwAOlmdVE/OcFLS7YqRijPKm0PSt root@ubuntu-artful
-----END SSH HOST KEY KEYS-----
[   43.193476] cloud-init[1666]: Cloud-init v. 0.7.9 running 'modules:final' at Wed, 21 Jun 2017 11:42:23 +0000. Up 42.94 seconds.
[   43.195464] cloud-init[1666]: ci-info: no authorized ssh keys fingerprints found for user ubuntu.
[   43.195699] cloud-init[1666]: Cloud-init v. 0.7.9 finished at Wed, 21 Jun 2017 11:42:23 +0000. Datasource DataSourceNoCloud [seed=/dev/sdb][dsmode=net].  Up 43.18 seconds
